<?xml version="1.0" encoding="UTF-8"?>
<!-- Generated by org.testng.reporters.JUnitXMLReporter -->
<testsuite hostname="DESKTOP-9HLHRJ6" ignored="0" name="Default test" tests="8" failures="0" timestamp="2020-05-29T23:21:54 BOT" time="157.434" errors="0">
  <testcase name="VerifyDateOninBookAFlight" time="5.457" classname="tests.SB_55_CheckOnFateInBookAFlightDepartTest"/>
  <testcase name="f" time="18.193" classname="tests.Worxun_10_EmptyReservationCreditCardTest"/>
  <testcase name="verifyFlightSearchEnteringInvalidDates" time="6.714" classname="tests.SB_9_SearchWithInvalidRangesTest"/>
  <testcase name="f" time="22.943" classname="tests.Worxun_7_EmptyReservationFlightTest"/>
  <testcase name="verifyTheSearchWhitTheSameDestinationAndOrigin" time="5.805" classname="tests.SB_44_SameDestinyAndOriginTest"/>
  <testcase name="f" time="27.984" classname="tests.SB_37_CodeConfirmationTest"/>
  <testcase name="VerifyDateReturninginBookAFlight" time="6.028" classname="tests.SB_50_CheckReturnDateInBookaflightReturnTest"/>
  <testcase name="f" time="19.766" classname="tests.SB_40_TotalPriceTest"/>
</testsuite> <!-- Default test -->
