<?xml version="1.0" encoding="UTF-8"?>
<!-- Generated by org.testng.reporters.JUnitXMLReporter -->
<testsuite hostname="DESKTOP-9HLHRJ6" ignored="0" name="Default test" tests="4" failures="0" timestamp="2020-05-28T19:51:19 BOT" time="79.981" errors="0">
  <testcase name="VerifyDateOninBookAFlight" time="5.322" classname="tests.OnDate"/>
  <testcase name="f" time="17.63" classname="tests.TotalPriceTest"/>
  <testcase name="VerifyDateReturninginBookAFlight" time="5.816" classname="tests.ReturningDate"/>
  <testcase name="f" time="19.552" classname="tests.CodeConfirmationTest"/>
</testsuite> <!-- Default test -->
