<?xml version="1.0" encoding="UTF-8"?>
<testng-results ignored="0" total="1" passed="1" failed="0" skipped="0">
  <reporter-output>
  </reporter-output>
  <suite started-at="2020-06-30T09:44:40 BOT" name="Default suite" finished-at="2020-06-30T09:47:05 BOT" duration-ms="144588">
    <groups>
    </groups>
    <test started-at="2020-06-30T09:44:40 BOT" name="Default test" finished-at="2020-06-30T09:47:05 BOT" duration-ms="144588">
      <class name="tests.SB_9_SearchWithInvalidRangesTest">
        <test-method is-config="true" signature="setup()[pri:0, instance:tests.SB_9_SearchWithInvalidRangesTest@5a955565]" started-at="2020-06-30T09:44:40 BOT" name="setup" finished-at="2020-06-30T09:44:46 BOT" duration-ms="6056" status="PASS">
          <reporter-output>
          </reporter-output>
        </test-method> <!-- setup -->
        <test-method signature="verifyFlightSearchEnteringInvalidDates()[pri:0, instance:tests.SB_9_SearchWithInvalidRangesTest@5a955565]" started-at="2020-06-30T09:44:47 BOT" name="verifyFlightSearchEnteringInvalidDates" finished-at="2020-06-30T09:47:05 BOT" duration-ms="138346" status="PASS">
          <reporter-output>
          </reporter-output>
        </test-method> <!-- verifyFlightSearchEnteringInvalidDates -->
        <test-method is-config="true" signature="quit()[pri:0, instance:tests.SB_9_SearchWithInvalidRangesTest@5a955565]" started-at="2020-06-30T09:47:05 BOT" name="quit" finished-at="2020-06-30T09:47:05 BOT" duration-ms="58" status="PASS">
          <reporter-output>
          </reporter-output>
        </test-method> <!-- quit -->
      </class> <!-- tests.SB_9_SearchWithInvalidRangesTest -->
    </test> <!-- Default test -->
  </suite> <!-- Default suite -->
</testng-results>
